<?xml version="1.0" encoding="UTF-8"?>
<!-- Generated by org.testng.reporters.JUnitReportReporter -->
<testsuite hostname="DESKTOP-OH1BSKA" failures="0" tests="1" name="com.automations.testcases.LoginCRM" time="17.576" errors="0" timestamp="2022-11-18T15:03:18 IST" skipped="0">
  <testcase classname="com.automations.testcases.LoginCRM" name="login" time="17.576"/>
  <system-out/>
</testsuite> <!-- com.automations.testcases.LoginCRM -->
