<?xml version="1.0" encoding="UTF-8"?>
<!-- Generated by org.testng.reporters.JUnitReportReporter -->
<testsuite hostname="DESKTOP-OH1BSKA" failures="0" tests="1" name="com.automations.testcases.AttractiveOffersTest02" time="7.566" errors="0" timestamp="2022-11-23T01:42:38 IST" skipped="0">
  <testcase classname="com.automations.testcases.AttractiveOffersTest02" name="clickcontinue" time="7.566"/>
  <system-out/>
</testsuite> <!-- com.automations.testcases.AttractiveOffersTest02 -->
