<?xml version="1.0" encoding="UTF-8"?>
<!-- Generated by org.testng.reporters.JUnitReportReporter -->
<testsuite hostname="DESKTOP-OH1BSKA" failures="0" tests="1" name="com.automations.testcases.AddToCart5" time="19.074" errors="0" timestamp="2022-11-23T13:14:45 IST" skipped="0">
  <testcase classname="com.automations.testcases.AddToCart5" name="ChangeSelection" time="19.074"/>
  <system-out/>
</testsuite> <!-- com.automations.testcases.AddToCart5 -->
