<?xml version="1.0" encoding="UTF-8"?>
<!-- Generated by org.testng.reporters.JUnitReportReporter -->
<testsuite hostname="DESKTOP-OH1BSKA" failures="0" tests="1" name="com.automations.testcases.TermsAndConditionsTest" time="12.297" errors="0" timestamp="2022-11-22T13:28:49 IST" skipped="0">
  <testcase classname="com.automations.testcases.TermsAndConditionsTest" name="CheckedAllTheTerms" time="12.297"/>
  <system-out/>
</testsuite> <!-- com.automations.testcases.TermsAndConditionsTest -->
