<?xml version="1.0" encoding="UTF-8"?>
<!-- Generated by org.testng.reporters.JUnitReportReporter -->
<testsuite hostname="DESKTOP-OH1BSKA" failures="0" tests="1" name="com.automations.testcases.AttractiveOffersTest" time="7.515" errors="0" timestamp="2022-11-28T10:38:47 IST" skipped="0">
  <testcase classname="com.automations.testcases.AttractiveOffersTest" name="Community" time="7.515"/>
  <system-out/>
</testsuite> <!-- com.automations.testcases.AttractiveOffersTest -->
