<?xml version="1.0" encoding="UTF-8"?>
<!-- Generated by org.testng.reporters.JUnitReportReporter -->
<testsuite hostname="DESKTOP-OH1BSKA" failures="0" tests="1" name="com.automations.testcases.Password" time="4.646" errors="0" timestamp="2022-11-29T12:27:15 IST" skipped="0">
  <testcase classname="com.automations.testcases.Password" name="password" time="4.646"/>
  <system-out/>
</testsuite> <!-- com.automations.testcases.Password -->
