<?xml version="1.0" encoding="UTF-8"?>
<!-- Generated by org.testng.reporters.JUnitReportReporter -->
<testsuite hostname="DESKTOP-OH1BSKA" failures="0" tests="1" name="com.automations.testcases.AddToCartTest3" time="15.504" errors="0" timestamp="2022-11-23T13:42:02 IST" skipped="0">
  <testcase classname="com.automations.testcases.AddToCartTest3" name="Openingpopup" time="15.504"/>
  <system-out/>
</testsuite> <!-- com.automations.testcases.AddToCartTest3 -->
