<?xml version="1.0" encoding="UTF-8"?>
<!-- Generated by org.testng.reporters.JUnitReportReporter -->
<testsuite hostname="DESKTOP-OH1BSKA" failures="0" tests="1" name="com.automations.testcases.Password" time="3.740" errors="0" timestamp="2022-12-01T15:52:56 IST" skipped="0">
  <testcase classname="com.automations.testcases.Password" name="password" time="3.740"/>
  <system-out/>
</testsuite> <!-- com.automations.testcases.Password -->
