<?xml version="1.0" encoding="UTF-8"?>
<!-- Generated by org.testng.reporters.JUnitReportReporter -->
<testsuite hostname="DESKTOP-OH1BSKA" failures="0" tests="1" name="com.automations.testcases.AttractiveOffersTest" time="7.344" errors="0" timestamp="2022-12-01T12:21:53 IST" skipped="0">
  <testcase classname="com.automations.testcases.AttractiveOffersTest" name="Community" time="7.344"/>
  <system-out/>
</testsuite> <!-- com.automations.testcases.AttractiveOffersTest -->
