<?xml version="1.0" encoding="UTF-8"?>
<!-- Generated by org.testng.reporters.JUnitReportReporter -->
<testsuite hostname="DESKTOP-OH1BSKA" failures="0" tests="1" name="com.automations.testcases.AttractiveOffersTest" time="8.602" errors="0" timestamp="2022-12-01T10:26:49 IST" skipped="0">
  <testcase classname="com.automations.testcases.AttractiveOffersTest" name="Community" time="8.602"/>
  <system-out/>
</testsuite> <!-- com.automations.testcases.AttractiveOffersTest -->
