<?xml version="1.0" encoding="UTF-8"?>
<!-- Generated by org.testng.reporters.JUnitReportReporter -->
<testsuite hostname="DESKTOP-OH1BSKA" failures="0" tests="1" name="com.automations.testcases.LetGoTest" time="8.198" errors="0" timestamp="2022-12-01T12:21:53 IST" skipped="0">
  <testcase classname="com.automations.testcases.LetGoTest" name="clickOnButton" time="8.198"/>
  <system-out/>
</testsuite> <!-- com.automations.testcases.LetGoTest -->
